已經開始建置於 2012/1/8 下午 12:58:04。
     1>節點 2 (build 目標) 上的專案 "D:\PG\Visual Studio\Minesweeper 1.0\Final_Project\Final_Project.vcxproj"。
     1>InitializeBuildStatus:
         由於指定了 "AlwaysCreate"，因此正在建立 "Release\Final_Project.unsuccessfulbuild"。
       GenerateTargetFrameworkMonikerAttribute:
       將略過目標 "GenerateTargetFrameworkMonikerAttribute"，因為所有輸出檔對於其輸入檔而言都已更新。
       ClCompile:
         所有輸出都是最新的。
         C:\Program Files (x86)\Microsoft Visual Studio 10.0\VC\bin\CL.exe /c /AI"C:\Program Files (x86)\Reference Assemblies\Microsoft\Framework\.NETFramework\v4.0" /Zi /clr:pure /nologo /W3 /WX- /O2 /Oy- /D WIN32 /D NDEBUG /D _UNICODE /D UNICODE /EHa /MD /GS /fp:precise /Zc:wchar_t /Zc:forScope /Yu"StdAfx.h" /Fp"Release\Final_Project.pch" /Fo"Release\\" /Fd"Release\vc100.pdb" /TP /FU"C:\Program Files (x86)\Reference Assemblies\Microsoft\Framework\.NETFramework\v4.0\System.Core.dll" /FU"C:\Program Files (x86)\Reference Assemblies\Microsoft\Framework\.NETFramework\v4.0\System.Data.dll" /FU"C:\Program Files (x86)\Reference Assemblies\Microsoft\Framework\.NETFramework\v4.0\System.dll" /FU"C:\Program Files (x86)\Reference Assemblies\Microsoft\Framework\.NETFramework\v4.0\System.Drawing.dll" /FU"C:\Program Files (x86)\Reference Assemblies\Microsoft\Framework\.NETFramework\v4.0\System.Windows.Forms.dll" /FU"C:\Program Files (x86)\Reference Assemblies\Microsoft\Framework\.NETFramework\v4.0\System.Xml.dll" /analyze- /errorReport:prompt Final_Project.cpp /clr:nostdlib 
         Final_Project.cpp
     1>d:\pg\visual studio\minesweeper 1.0\final_project\Form1.h(318): warning C4965: 整數 0 的隱含 Box，請使用 nullptr 或明確轉型
     1>d:\pg\visual studio\minesweeper 1.0\final_project\Form1.h(622): warning C4965: 整數 0 的隱含 Box，請使用 nullptr 或明確轉型
         所有輸出都是最新的。
       CoreResGen:
         "C:\Program Files (x86)\Microsoft SDKs\Windows\v7.0A\bin\NETFX 4.0 Tools\resgen.exe" /useSourcePath /r:"C:\Program Files (x86)\Reference Assemblies\Microsoft\Framework\.NETFramework\v4.0\System.Core.dll" /r:"C:\Program Files (x86)\Reference Assemblies\Microsoft\Framework\.NETFramework\v4.0\System.Data.dll" /r:"C:\Program Files (x86)\Reference Assemblies\Microsoft\Framework\.NETFramework\v4.0\System.dll" /r:"C:\Program Files (x86)\Reference Assemblies\Microsoft\Framework\.NETFramework\v4.0\System.Drawing.dll" /r:"C:\Program Files (x86)\Reference Assemblies\Microsoft\Framework\.NETFramework\v4.0\System.Windows.Forms.dll" /r:"C:\Program Files (x86)\Reference Assemblies\Microsoft\Framework\.NETFramework\v4.0\System.Xml.dll" /compile About.resx,Release\Final_Project.About.resources viewHelp.resx,Release\Final_Project.viewHelp.resources
         正在處理資源檔 "About.resx" 至 "Release\Final_Project.About.resources"。
         正在處理資源檔 "viewHelp.resx" 至 "Release\Final_Project.viewHelp.resources"。
       ResourceCompile:
         所有輸出都是最新的。
       Link:
         C:\Program Files (x86)\Microsoft Visual Studio 10.0\VC\bin\link.exe /ERRORREPORT:PROMPT /OUT:"D:\PG\Visual Studio\Minesweeper 1.0\Release\Final_Project.exe" /INCREMENTAL:NO /NOLOGO /ASSEMBLYRESOURCE:Release\Final_Project.About.resources /ASSEMBLYRESOURCE:Release\Final_Project.Form1.resources /ASSEMBLYRESOURCE:Release\Final_Project.viewHelp.resources /MANIFEST /ManifestFile:"Release\Final_Project.exe.intermediate.manifest" /MANIFESTUAC:"level='asInvoker' uiAccess='false'" /DEBUG /PDB:"D:\PG\Visual Studio\Minesweeper 1.0\Release\Final_Project.pdb" /SUBSYSTEM:WINDOWS /TLBID:1 /ENTRY:"main" /DYNAMICBASE /FIXED:NO /NXCOMPAT /MACHINE:X86 Release\app.res
         Release\AssemblyInfo.obj
         Release\Final_Project.obj
         Release\stdafx.obj
         "Release\.NETFramework,Version=v4.0.AssemblyAttributes.obj"
         Final_Project.vcxproj -> D:\PG\Visual Studio\Minesweeper 1.0\Release\Final_Project.exe
       Manifest:
         C:\Program Files (x86)\Microsoft SDKs\Windows\v7.0A\bin\mt.exe /nologo /verbose /outputresource:"D:\PG\Visual Studio\Minesweeper 1.0\Release\Final_Project.exe;#1" /manifest Release\Final_Project.exe.intermediate.manifest
       FinalizeBuildStatus:
         正在刪除檔案 "Release\Final_Project.unsuccessfulbuild"。
         正在變更時間戳記 "Release\Final_Project.lastbuildstate"。
     1>專案 "D:\PG\Visual Studio\Minesweeper 1.0\Final_Project\Final_Project.vcxproj" (build 目標) 建置完成。

建置成功。

經過時間 00:00:01.94
